<?xml version="1.0" encoding="UTF-8"?>
<testsuite xmlns:xsi="http://www.w3.org/2001/XMLSchema-instance" xsi:noNamespaceSchemaLocation="https://maven.apache.org/surefire/maven-surefire-plugin/xsd/surefire-test-report-3.0.xsd" version="3.0" name="com.springboot.chatapp.springboot.ChatappSpringbootApplicationTests" time="5.38" tests="1" errors="0" skipped="0" failures="0">
  <properties>
[...]
</properties>
  <testcase name="contextLoads" classname="com.springboot.chatapp.springboot.ChatappSpringbootApplicationTests" time="0.384">
    <system-out><![CDATA[10:42:48.325 [main] INFO org.springframework.test.context.support.AnnotationConfigContextLoaderUtils -- Could not detect default configuration classes for test class [com.springboot.chatapp.springboot.ChatappSpringbootApplicationTests]: ChatappSpringbootApplicationTests does not declare any static, non-private, non-final, nested classes annotated with @Configuration.
10:42:48.407 [main] INFO org.springframework.boot.test.context.SpringBootTestContextBootstrapper -- Found @SpringBootConfiguration com.springboot.chatapp.springboot.ChatappSpringbootApplication for test class com.springboot.chatapp.springboot.ChatappSpringbootApplicationTests
10:42:48.522 [main] INFO org.springframework.boot.devtools.restart.RestartApplicationListener -- Restart disabled due to context in which it is running

  .   ____          _            __ _ _
 /\\ / ___'_ __ _ _(_)_ __  __ _ \ \ \ \
( ( )\___ | '_ | '_| | '_ \/ _` | \ \ \ \
 \\/  ___)| |_)| | | | | || (_| |  ) ) ) )
  '  |____| .__|_| |_|_| |_\__, | / / / /
 =========|_|==============|___/=/_/_/_/
 :: Spring Boot ::                (v3.2.0)

2023-12-22T10:42:48.731+05:30  INFO 75209 --- [chatapp-springboot] [           main] .s.c.s.ChatappSpringbootApplicationTests : Starting ChatappSpringbootApplicationTests using Java 21 with PID 75209 (started by arpitkumar in /Users/arpitkumar/Desktop/React/chatapp-springboot)
2023-12-22T10:42:48.732+05:30  INFO 75209 --- [chatapp-springboot] [           main] .s.c.s.ChatappSpringbootApplicationTests : The following 1 profile is active: "dev"
2023-12-22T10:42:49.640+05:30  INFO 75209 --- [chatapp-springboot] [           main] .s.d.r.c.RepositoryConfigurationDelegate : Bootstrapping Spring Data JPA repositories in DEFAULT mode.
2023-12-22T10:42:49.737+05:30  INFO 75209 --- [chatapp-springboot] [           main] .s.d.r.c.RepositoryConfigurationDelegate : Finished Spring Data repository scanning in 86 ms. Found 3 JPA repository interfaces.
2023-12-22T10:42:50.440+05:30  INFO 75209 --- [chatapp-springboot] [           main] o.hibernate.jpa.internal.util.LogHelper  : HHH000204: Processing PersistenceUnitInfo [name: default]
2023-12-22T10:42:50.510+05:30  INFO 75209 --- [chatapp-springboot] [           main] org.hibernate.Version                    : HHH000412: Hibernate ORM core version 6.3.1.Final
2023-12-22T10:42:50.549+05:30  INFO 75209 --- [chatapp-springboot] [           main] o.h.c.internal.RegionFactoryInitiator    : HHH000026: Second-level cache disabled
2023-12-22T10:42:50.757+05:30  INFO 75209 --- [chatapp-springboot] [           main] o.s.o.j.p.SpringPersistenceUnitInfo      : No LoadTimeWeaver setup: ignoring JPA class transformer
2023-12-22T10:42:50.779+05:30  INFO 75209 --- [chatapp-springboot] [           main] com.zaxxer.hikari.HikariDataSource       : HikariPool-1 - Starting...
2023-12-22T10:42:51.083+05:30  INFO 75209 --- [chatapp-springboot] [           main] com.zaxxer.hikari.pool.HikariPool        : HikariPool-1 - Added connection com.mysql.cj.jdbc.ConnectionImpl@7db47323
2023-12-22T10:42:51.085+05:30  INFO 75209 --- [chatapp-springboot] [           main] com.zaxxer.hikari.HikariDataSource       : HikariPool-1 - Start completed.
2023-12-22T10:42:51.126+05:30  WARN 75209 --- [chatapp-springboot] [           main] org.hibernate.orm.deprecation            : HHH90000025: MySQLDialect does not need to be specified explicitly using 'hibernate.dialect' (remove the property setting and it will be selected by default)
2023-12-22T10:42:51.763+05:30  INFO 75209 --- [chatapp-springboot] [           main] o.h.e.t.j.p.i.JtaPlatformInitiator       : HHH000489: No JTA platform available (set 'hibernate.transaction.jta.platform' to enable JTA platform integration)
2023-12-22T10:42:51.800+05:30  INFO 75209 --- [chatapp-springboot] [           main] j.LocalContainerEntityManagerFactoryBean : Initialized JPA EntityManagerFactory for persistence unit 'default'
2023-12-22T10:42:52.527+05:30  WARN 75209 --- [chatapp-springboot] [           main] JpaBaseConfiguration$JpaWebConfiguration : spring.jpa.open-in-view is enabled by default. Therefore, database queries may be performed during view rendering. Explicitly configure spring.jpa.open-in-view to disable this warning
2023-12-22T10:42:53.166+05:30  INFO 75209 --- [chatapp-springboot] [           main] o.s.m.s.b.SimpleBrokerMessageHandler     : Starting...
2023-12-22T10:42:53.167+05:30  INFO 75209 --- [chatapp-springboot] [           main] o.s.m.s.b.SimpleBrokerMessageHandler     : BrokerAvailabilityEvent[available=true, SimpleBrokerMessageHandler [org.springframework.messaging.simp.broker.DefaultSubscriptionRegistry@5e18a6a7]]
2023-12-22T10:42:53.168+05:30  INFO 75209 --- [chatapp-springboot] [           main] o.s.m.s.b.SimpleBrokerMessageHandler     : Started.
2023-12-22T10:42:53.172+05:30  INFO 75209 --- [chatapp-springboot] [           main] .s.c.s.ChatappSpringbootApplicationTests : Started ChatappSpringbootApplicationTests in 4.66 seconds (process running for 5.44)
]]></system-out>
    <system-err><![CDATA[WARNING: A Java agent has been loaded dynamically (/Users/arpitkumar/.m2/repository/net/bytebuddy/byte-buddy-agent/1.14.10/byte-buddy-agent-1.14.10.jar)
WARNING: If a serviceability tool is in use, please run with -XX:+EnableDynamicAgentLoading to hide this warning
WARNING: If a serviceability tool is not in use, please run with -Djdk.instrument.traceUsage for more information
WARNING: Dynamic loading of agents will be disallowed by default in a future release
]]></system-err>
  </testcase>
</testsuite>